==10127== Memcheck, a memory error detector
==10127== Copyright (C) 2002-2017, and GNU GPL'd, by Julian Seward et al.
==10127== Using Valgrind-3.13.0 and LibVEX; rerun with -h for copyright info
==10127== Command: ./final
==10127== Parent PID: 10126
==10127== 
--10127-- 
--10127-- Valgrind options:
--10127--    --leak-check=full
--10127--    --show-leak-kinds=all
--10127--    --verbose
--10127--    --log-file=logfile.out
--10127-- Contents of /proc/version:
--10127--   Linux version 5.4.0-73-generic (buildd@lgw01-amd64-038) (gcc version 7.5.0 (Ubuntu 7.5.0-3ubuntu1~18.04)) #82~18.04.1-Ubuntu SMP Fri Apr 16 15:10:02 UTC 2021
--10127-- 
--10127-- Arch and hwcaps: AMD64, LittleEndian, amd64-cx16-lzcnt-rdtscp-sse3-avx-avx2-bmi
--10127-- Page sizes: currently 4096, max supported 4096
--10127-- Valgrind library directory: /usr/lib/valgrind
--10127-- Reading syms from /home/cia/code/OOP2021/final/CardGame/final
--10127-- Reading syms from /lib/x86_64-linux-gnu/ld-2.27.so
--10127--   Considering /lib/x86_64-linux-gnu/ld-2.27.so ..
--10127--   .. CRC mismatch (computed 0ef8daab wanted 65bccefe)
--10127--   Considering /usr/lib/debug/lib/x86_64-linux-gnu/ld-2.27.so ..
--10127--   .. CRC is valid
--10127-- Reading syms from /usr/lib/valgrind/memcheck-amd64-linux
--10127--   Considering /usr/lib/valgrind/memcheck-amd64-linux ..
--10127--   .. CRC mismatch (computed 41ddb025 wanted 9972f546)
--10127--    object doesn't have a symbol table
--10127--    object doesn't have a dynamic symbol table
--10127-- Scheduler: using generic scheduler lock implementation.
--10127-- Reading suppressions file: /usr/lib/valgrind/default.supp
==10127== embedded gdbserver: reading from /tmp/vgdb-pipe-from-vgdb-to-10127-by-cia-on-???
==10127== embedded gdbserver: writing to   /tmp/vgdb-pipe-to-vgdb-from-10127-by-cia-on-???
==10127== embedded gdbserver: shared mem   /tmp/vgdb-pipe-shared-mem-vgdb-10127-by-cia-on-???
==10127== 
==10127== TO CONTROL THIS PROCESS USING vgdb (which you probably
==10127== don't want to do, unless you know exactly what you're doing,
==10127== or are doing some strange experiment):
==10127==   /usr/lib/valgrind/../../bin/vgdb --pid=10127 ...command...
==10127== 
==10127== TO DEBUG THIS PROCESS USING GDB: start GDB like this
==10127==   /path/to/gdb ./final
==10127== and then give GDB the following command
==10127==   target remote | /usr/lib/valgrind/../../bin/vgdb --pid=10127
==10127== --pid is optional if only one valgrind process is running
==10127== 
--10127-- REDIR: 0x4020d20 (ld-linux-x86-64.so.2:strlen) redirected to 0x580608c1 (???)
--10127-- REDIR: 0x4020b00 (ld-linux-x86-64.so.2:index) redirected to 0x580608db (???)
--10127-- Reading syms from /usr/lib/valgrind/vgpreload_core-amd64-linux.so
--10127--   Considering /usr/lib/valgrind/vgpreload_core-amd64-linux.so ..
--10127--   .. CRC mismatch (computed 50df1b30 wanted 4800a4cf)
--10127--    object doesn't have a symbol table
--10127-- Reading syms from /usr/lib/valgrind/vgpreload_memcheck-amd64-linux.so
--10127--   Considering /usr/lib/valgrind/vgpreload_memcheck-amd64-linux.so ..
--10127--   .. CRC mismatch (computed f893b962 wanted 95ee359e)
--10127--    object doesn't have a symbol table
==10127== WARNING: new redirection conflicts with existing -- ignoring it
--10127--     old: 0x04020d20 (strlen              ) R-> (0000.0) 0x580608c1 ???
--10127--     new: 0x04020d20 (strlen              ) R-> (2007.0) 0x04c34db0 strlen
--10127-- REDIR: 0x401d540 (ld-linux-x86-64.so.2:strcmp) redirected to 0x4c35ee0 (strcmp)
--10127-- REDIR: 0x4021260 (ld-linux-x86-64.so.2:mempcpy) redirected to 0x4c394f0 (mempcpy)
--10127-- Reading syms from /usr/lib/x86_64-linux-gnu/libstdc++.so.6.0.28
--10127--    object doesn't have a symbol table
--10127-- Reading syms from /lib/x86_64-linux-gnu/libgcc_s.so.1
--10127--    object doesn't have a symbol table
--10127-- Reading syms from /lib/x86_64-linux-gnu/libc-2.27.so
--10127--   Considering /lib/x86_64-linux-gnu/libc-2.27.so ..
--10127--   .. CRC mismatch (computed cb654923 wanted 8713c55a)
--10127--   Considering /usr/lib/debug/lib/x86_64-linux-gnu/libc-2.27.so ..
--10127--   .. CRC is valid
--10127-- Reading syms from /lib/x86_64-linux-gnu/libm-2.27.so
--10127--   Considering /lib/x86_64-linux-gnu/libm-2.27.so ..
--10127--   .. CRC mismatch (computed 8017c758 wanted 0183ab3a)
--10127--   Considering /usr/lib/debug/lib/x86_64-linux-gnu/libm-2.27.so ..
--10127--   .. CRC is valid
--10127-- REDIR: 0x54c8b70 (libc.so.6:memmove) redirected to 0x4a2c6e0 (_vgnU_ifunc_wrapper)
--10127-- REDIR: 0x54c7e80 (libc.so.6:strncpy) redirected to 0x4a2c6e0 (_vgnU_ifunc_wrapper)
--10127-- REDIR: 0x54c8e50 (libc.so.6:strcasecmp) redirected to 0x4a2c6e0 (_vgnU_ifunc_wrapper)
--10127-- REDIR: 0x54c78d0 (libc.so.6:strcat) redirected to 0x4a2c6e0 (_vgnU_ifunc_wrapper)
--10127-- REDIR: 0x54c7eb0 (libc.so.6:rindex) redirected to 0x4a2c6e0 (_vgnU_ifunc_wrapper)
--10127-- REDIR: 0x54ca5a0 (libc.so.6:rawmemchr) redirected to 0x4a2c6e0 (_vgnU_ifunc_wrapper)
--10127-- REDIR: 0x54c8ce0 (libc.so.6:mempcpy) redirected to 0x4a2c6e0 (_vgnU_ifunc_wrapper)
--10127-- REDIR: 0x54c8b10 (libc.so.6:bcmp) redirected to 0x4a2c6e0 (_vgnU_ifunc_wrapper)
--10127-- REDIR: 0x54c7e40 (libc.so.6:strncmp) redirected to 0x4a2c6e0 (_vgnU_ifunc_wrapper)
--10127-- REDIR: 0x54c7940 (libc.so.6:strcmp) redirected to 0x4a2c6e0 (_vgnU_ifunc_wrapper)
--10127-- REDIR: 0x54c8c40 (libc.so.6:memset) redirected to 0x4a2c6e0 (_vgnU_ifunc_wrapper)
--10127-- REDIR: 0x54e5ed0 (libc.so.6:wcschr) redirected to 0x4a2c6e0 (_vgnU_ifunc_wrapper)
--10127-- REDIR: 0x54c7de0 (libc.so.6:strnlen) redirected to 0x4a2c6e0 (_vgnU_ifunc_wrapper)
--10127-- REDIR: 0x54c79b0 (libc.so.6:strcspn) redirected to 0x4a2c6e0 (_vgnU_ifunc_wrapper)
--10127-- REDIR: 0x54c8ea0 (libc.so.6:strncasecmp) redirected to 0x4a2c6e0 (_vgnU_ifunc_wrapper)
--10127-- REDIR: 0x54c7980 (libc.so.6:strcpy) redirected to 0x4a2c6e0 (_vgnU_ifunc_wrapper)
--10127-- REDIR: 0x54c8fe0 (libc.so.6:memcpy@@GLIBC_2.14) redirected to 0x4a2c6e0 (_vgnU_ifunc_wrapper)
--10127-- REDIR: 0x54c7ee0 (libc.so.6:strpbrk) redirected to 0x4a2c6e0 (_vgnU_ifunc_wrapper)
--10127-- REDIR: 0x54c7900 (libc.so.6:index) redirected to 0x4a2c6e0 (_vgnU_ifunc_wrapper)
--10127-- REDIR: 0x54c7db0 (libc.so.6:strlen) redirected to 0x4a2c6e0 (_vgnU_ifunc_wrapper)
--10127-- REDIR: 0x54d24a0 (libc.so.6:memrchr) redirected to 0x4a2c6e0 (_vgnU_ifunc_wrapper)
--10127-- REDIR: 0x54c8ef0 (libc.so.6:strcasecmp_l) redirected to 0x4a2c6e0 (_vgnU_ifunc_wrapper)
--10127-- REDIR: 0x54c8ae0 (libc.so.6:memchr) redirected to 0x4a2c6e0 (_vgnU_ifunc_wrapper)
--10127-- REDIR: 0x54e6c90 (libc.so.6:wcslen) redirected to 0x4a2c6e0 (_vgnU_ifunc_wrapper)
--10127-- REDIR: 0x54c8190 (libc.so.6:strspn) redirected to 0x4a2c6e0 (_vgnU_ifunc_wrapper)
--10127-- REDIR: 0x54c8e20 (libc.so.6:stpncpy) redirected to 0x4a2c6e0 (_vgnU_ifunc_wrapper)
--10127-- REDIR: 0x54c8df0 (libc.so.6:stpcpy) redirected to 0x4a2c6e0 (_vgnU_ifunc_wrapper)
--10127-- REDIR: 0x54ca5d0 (libc.so.6:strchrnul) redirected to 0x4a2c6e0 (_vgnU_ifunc_wrapper)
--10127-- REDIR: 0x54c8f40 (libc.so.6:strncasecmp_l) redirected to 0x4a2c6e0 (_vgnU_ifunc_wrapper)
--10127-- REDIR: 0x55b8300 (libc.so.6:__strrchr_avx2) redirected to 0x4c34730 (rindex)
--10127-- REDIR: 0x54c1140 (libc.so.6:malloc) redirected to 0x4c31aa0 (malloc)
--10127-- REDIR: 0x55b84d0 (libc.so.6:__strlen_avx2) redirected to 0x4c34cf0 (strlen)
--10127-- REDIR: 0x55b4ae0 (libc.so.6:__memcmp_avx2_movbe) redirected to 0x4c37e00 (bcmp)
--10127-- REDIR: 0x54d3c50 (libc.so.6:__strcmp_sse2_unaligned) redirected to 0x4c35da0 (strcmp)
--10127-- REDIR: 0x55b8a10 (libc.so.6:__memcpy_avx_unaligned_erms) redirected to 0x4c386e0 (memmove)
--10127-- REDIR: 0x4ee3c60 (libstdc++.so.6:operator new(unsigned long)) redirected to 0x4c32110 (operator new(unsigned long))
--10127-- REDIR: 0x54c86c0 (libc.so.6:__GI_strstr) redirected to 0x4c39760 (__strstr_sse2)
--10127-- REDIR: 0x4ee3cb0 (libstdc++.so.6:operator new[](unsigned long)) redirected to 0x4c32830 (operator new[](unsigned long))
--10127-- REDIR: 0x4ee1f90 (libstdc++.so.6:operator delete(void*)) redirected to 0x4c331d0 (operator delete(void*))
--10127-- REDIR: 0x4ee1fc0 (libstdc++.so.6:operator delete[](void*)) redirected to 0x4c336d0 (operator delete[](void*))
--10127-- REDIR: 0x54c1a30 (libc.so.6:free) redirected to 0x4c32cd0 (free)
--10127-- REDIR: 0x55b89f0 (libc.so.6:__mempcpy_avx_unaligned_erms) redirected to 0x4c39130 (mempcpy)
==10127== 
==10127== HEAP SUMMARY:
==10127==     in use at exit: 0 bytes in 0 blocks
==10127==   total heap usage: 125 allocs, 125 frees, 125,278 bytes allocated
==10127== 
==10127== All heap blocks were freed -- no leaks are possible
==10127== 
==10127== ERROR SUMMARY: 0 errors from 0 contexts (suppressed: 0 from 0)
==10127== ERROR SUMMARY: 0 errors from 0 contexts (suppressed: 0 from 0)
